<?xml version="1.0" encoding="UTF-8"?>
<coverage generated="1742556318637" clover="3.2.0">
  <project timestamp="1742556318637" name="All files">
    <metrics statements="71" coveredstatements="68" conditionals="39" coveredconditionals="35" methods="16" coveredmethods="15" elements="126" coveredelements="118" complexity="0" loc="71" ncloc="71" packages="1" files="2" classes="2"/>
    <file name="index.js" path="/Users/manueldicampli/Sites/just-dom/src/index.js">
      <metrics statements="24" coveredstatements="24" conditionals="6" coveredconditionals="6" methods="6" coveredmethods="6"/>
      <line num="11" count="1" type="stmt"/>
      <line num="150" count="1" type="stmt"/>
      <line num="151" count="2" type="stmt"/>
      <line num="152" count="2" type="stmt"/>
      <line num="153" count="7" type="cond" truecount="4" falsecount="0"/>
      <line num="154" count="3" type="stmt"/>
      <line num="156" count="7" type="cond" truecount="2" falsecount="0"/>
      <line num="157" count="1" type="stmt"/>
      <line num="160" count="2" type="stmt"/>
      <line num="178" count="2" type="stmt"/>
      <line num="192" count="1" type="stmt"/>
      <line num="193" count="2" type="stmt"/>
      <line num="194" count="2" type="stmt"/>
      <line num="195" count="2" type="stmt"/>
      <line num="196" count="2" type="stmt"/>
      <line num="197" count="2" type="stmt"/>
      <line num="198" count="2" type="stmt"/>
      <line num="215" count="1" type="stmt"/>
      <line num="216" count="1" type="stmt"/>
      <line num="435" count="1" type="stmt"/>
      <line num="450" count="1" type="stmt"/>
      <line num="462" count="1" type="stmt"/>
      <line num="463" count="120" type="stmt"/>
      <line num="464" count="120" type="stmt"/>
    </file>
    <file name="utilities.js" path="/Users/manueldicampli/Sites/just-dom/src/utilities.js">
      <metrics statements="47" coveredstatements="44" conditionals="33" coveredconditionals="29" methods="10" coveredmethods="9"/>
      <line num="6" count="2" type="stmt"/>
      <line num="7" count="12" type="cond" truecount="2" falsecount="0"/>
      <line num="9" count="11" type="stmt"/>
      <line num="10" count="13" type="cond" truecount="4" falsecount="1"/>
      <line num="12" count="1" type="stmt"/>
      <line num="13" count="1" type="stmt"/>
      <line num="15" count="2" type="stmt"/>
      <line num="16" count="2" type="stmt"/>
      <line num="18" count="1" type="stmt"/>
      <line num="20" count="0" type="stmt"/>
      <line num="21" count="1" type="stmt"/>
      <line num="22" count="1" type="stmt"/>
      <line num="23" count="1" type="stmt"/>
      <line num="25" count="0" type="cond" truecount="0" falsecount="2"/>
      <line num="26" count="0" type="stmt"/>
      <line num="28" count="9" type="stmt"/>
      <line num="51" count="2" type="stmt"/>
      <line num="62" count="2" type="stmt"/>
      <line num="63" count="10" type="stmt"/>
      <line num="66" count="10" type="cond" truecount="2" falsecount="0"/>
      <line num="68" count="7" type="cond" truecount="5" falsecount="0"/>
      <line num="69" count="1" type="stmt"/>
      <line num="70" count="1" type="stmt"/>
      <line num="71" count="1" type="stmt"/>
      <line num="73" count="6" type="stmt"/>
      <line num="78" count="10" type="cond" truecount="4" falsecount="0"/>
      <line num="79" count="7" type="stmt"/>
      <line num="80" count="36" type="cond" truecount="1" falsecount="1"/>
      <line num="81" count="36" type="cond" truecount="2" falsecount="0"/>
      <line num="82" count="33" type="stmt"/>
      <line num="84" count="3" type="stmt"/>
      <line num="90" count="10" type="stmt"/>
      <line num="98" count="2" type="stmt"/>
      <line num="99" count="4" type="cond" truecount="2" falsecount="0"/>
      <line num="101" count="2" type="stmt"/>
      <line num="102" count="4" type="stmt"/>
      <line num="103" count="3" type="stmt"/>
      <line num="114" count="2" type="stmt"/>
      <line num="115" count="2" type="stmt"/>
      <line num="116" count="2" type="stmt"/>
      <line num="117" count="1" type="stmt"/>
      <line num="119" count="1" type="stmt"/>
      <line num="120" count="1" type="stmt"/>
      <line num="130" count="2" type="cond" truecount="1" falsecount="0"/>
      <line num="131" count="2" type="stmt"/>
      <line num="132" count="2" type="stmt"/>
      <line num="133" count="2" type="stmt"/>
    </file>
  </project>
</coverage>
