{"/Users/manueldicampli/Sites/just-dom/src/index.js": {"path":"/Users/manueldicampli/Sites/just-dom/src/index.js","statementMap":{"0":{"start":{"line":11,"column":21},"end":{"line":132,"column":1}},"1":{"start":{"line":150,"column":17},"end":{"line":161,"column":1}},"2":{"start":{"line":151,"column":21},"end":{"line":151,"column":54}},"3":{"start":{"line":152,"column":4},"end":{"line":159,"column":5}},"4":{"start":{"line":153,"column":8},"end":{"line":155,"column":9}},"5":{"start":{"line":154,"column":12},"end":{"line":154,"column":40}},"6":{"start":{"line":156,"column":8},"end":{"line":158,"column":9}},"7":{"start":{"line":157,"column":12},"end":{"line":157,"column":65}},"8":{"start":{"line":160,"column":4},"end":{"line":160,"column":20}},"9":{"start":{"line":178,"column":19},"end":{"line":178,"column":65}},"10":{"start":{"line":178,"column":33},"end":{"line":178,"column":65}},"11":{"start":{"line":192,"column":31},"end":{"line":199,"column":1}},"12":{"start":{"line":193,"column":21},"end":{"line":193,"column":54}},"13":{"start":{"line":194,"column":17},"end":{"line":194,"column":32}},"14":{"start":{"line":195,"column":20},"end":{"line":195,"column":67}},"15":{"start":{"line":196,"column":16},"end":{"line":196,"column":39}},"16":{"start":{"line":197,"column":4},"end":{"line":197,"column":50}},"17":{"start":{"line":197,"column":24},"end":{"line":197,"column":48}},"18":{"start":{"line":198,"column":4},"end":{"line":198,"column":20}},"19":{"start":{"line":215,"column":19},"end":{"line":217,"column":1}},"20":{"start":{"line":216,"column":4},"end":{"line":216,"column":56}},"21":{"start":{"line":435,"column":12},"end":{"line":443,"column":1}},"22":{"start":{"line":450,"column":25},"end":{"line":450,"column":27}},"23":{"start":{"line":462,"column":0},"end":{"line":465,"column":1}},"24":{"start":{"line":463,"column":4},"end":{"line":463,"column":96}},"25":{"start":{"line":463,"column":53},"end":{"line":463,"column":95}},"26":{"start":{"line":464,"column":4},"end":{"line":464,"column":45}}},"fnMap":{"0":{"name":"(anonymous_0)","decl":{"start":{"line":150,"column":17},"end":{"line":150,"column":18}},"loc":{"start":{"line":150,"column":37},"end":{"line":161,"column":1}},"line":150},"1":{"name":"(anonymous_1)","decl":{"start":{"line":178,"column":19},"end":{"line":178,"column":20}},"loc":{"start":{"line":178,"column":33},"end":{"line":178,"column":65}},"line":178},"2":{"name":"(anonymous_2)","decl":{"start":{"line":192,"column":31},"end":{"line":192,"column":32}},"loc":{"start":{"line":192,"column":47},"end":{"line":199,"column":1}},"line":192},"3":{"name":"(anonymous_3)","decl":{"start":{"line":197,"column":16},"end":{"line":197,"column":17}},"loc":{"start":{"line":197,"column":24},"end":{"line":197,"column":48}},"line":197},"4":{"name":"(anonymous_4)","decl":{"start":{"line":215,"column":19},"end":{"line":215,"column":20}},"loc":{"start":{"line":215,"column":39},"end":{"line":217,"column":1}},"line":215},"5":{"name":"(anonymous_5)","decl":{"start":{"line":463,"column":32},"end":{"line":463,"column":33}},"loc":{"start":{"line":463,"column":53},"end":{"line":463,"column":95}},"line":463}},"branchMap":{"0":{"loc":{"start":{"line":153,"column":8},"end":{"line":155,"column":9}},"type":"if","locations":[{"start":{"line":153,"column":8},"end":{"line":155,"column":9}},{"start":{},"end":{}}],"line":153},"1":{"loc":{"start":{"line":153,"column":12},"end":{"line":153,"column":46}},"type":"binary-expr","locations":[{"start":{"line":153,"column":12},"end":{"line":153,"column":17}},{"start":{"line":153,"column":21},"end":{"line":153,"column":46}}],"line":153},"2":{"loc":{"start":{"line":156,"column":8},"end":{"line":158,"column":9}},"type":"if","locations":[{"start":{"line":156,"column":8},"end":{"line":158,"column":9}},{"start":{},"end":{}}],"line":156}},"s":{"0":1,"1":1,"2":2,"3":2,"4":7,"5":3,"6":7,"7":1,"8":2,"9":1,"10":2,"11":1,"12":2,"13":2,"14":2,"15":2,"16":2,"17":1,"18":2,"19":1,"20":1,"21":1,"22":1,"23":1,"24":120,"25":5,"26":120},"f":{"0":2,"1":2,"2":2,"3":1,"4":1,"5":5},"b":{"0":[3,4],"1":[7,4],"2":[1,6]},"_coverageSchema":"1a1c01bbd47fc00a2c39e90264f33305004495a9","hash":"adf69824fd4d9ab303220fbb29afdc54093e7d27"}
,"/Users/manueldicampli/Sites/just-dom/src/utilities.js": {"path":"/Users/manueldicampli/Sites/just-dom/src/utilities.js","statementMap":{"0":{"start":{"line":6,"column":31},"end":{"line":31,"column":1}},"1":{"start":{"line":7,"column":4},"end":{"line":7,"column":28}},"2":{"start":{"line":7,"column":21},"end":{"line":7,"column":28}},"3":{"start":{"line":9,"column":4},"end":{"line":30,"column":5}},"4":{"start":{"line":10,"column":8},"end":{"line":29,"column":9}},"5":{"start":{"line":12,"column":16},"end":{"line":12,"column":47}},"6":{"start":{"line":13,"column":16},"end":{"line":13,"column":22}},"7":{"start":{"line":15,"column":16},"end":{"line":15,"column":71}},"8":{"start":{"line":16,"column":16},"end":{"line":16,"column":22}},"9":{"start":{"line":18,"column":37},"end":{"line":21,"column":62}},"10":{"start":{"line":20,"column":49},"end":{"line":20,"column":64}},"11":{"start":{"line":21,"column":46},"end":{"line":21,"column":61}},"12":{"start":{"line":22,"column":16},"end":{"line":22,"column":49}},"13":{"start":{"line":23,"column":16},"end":{"line":23,"column":22}},"14":{"start":{"line":25,"column":16},"end":{"line":25,"column":52}},"15":{"start":{"line":25,"column":27},"end":{"line":25,"column":52}},"16":{"start":{"line":26,"column":16},"end":{"line":26,"column":22}},"17":{"start":{"line":28,"column":16},"end":{"line":28,"column":32}},"18":{"start":{"line":51,"column":4},"end":{"line":51,"column":34}},"19":{"start":{"line":62,"column":32},"end":{"line":91,"column":1}},"20":{"start":{"line":63,"column":15},"end":{"line":63,"column":46}},"21":{"start":{"line":66,"column":4},"end":{"line":75,"column":5}},"22":{"start":{"line":68,"column":8},"end":{"line":74,"column":9}},"23":{"start":{"line":69,"column":12},"end":{"line":69,"column":37}},"24":{"start":{"line":70,"column":44},"end":{"line":70,"column":51}},"25":{"start":{"line":71,"column":12},"end":{"line":71,"column":45}},"26":{"start":{"line":73,"column":12},"end":{"line":73,"column":41}},"27":{"start":{"line":78,"column":4},"end":{"line":88,"column":5}},"28":{"start":{"line":79,"column":8},"end":{"line":87,"column":9}},"29":{"start":{"line":80,"column":12},"end":{"line":86,"column":13}},"30":{"start":{"line":81,"column":16},"end":{"line":85,"column":17}},"31":{"start":{"line":82,"column":20},"end":{"line":82,"column":67}},"32":{"start":{"line":84,"column":20},"end":{"line":84,"column":42}},"33":{"start":{"line":90,"column":4},"end":{"line":90,"column":14}},"34":{"start":{"line":98,"column":26},"end":{"line":105,"column":1}},"35":{"start":{"line":99,"column":4},"end":{"line":99,"column":28}},"36":{"start":{"line":99,"column":18},"end":{"line":99,"column":28}},"37":{"start":{"line":101,"column":4},"end":{"line":104,"column":19}},"38":{"start":{"line":102,"column":32},"end":{"line":102,"column":46}},"39":{"start":{"line":103,"column":24},"end":{"line":103,"column":27}},"40":{"start":{"line":114,"column":23},"end":{"line":122,"column":1}},"41":{"start":{"line":115,"column":4},"end":{"line":121,"column":5}},"42":{"start":{"line":116,"column":18},"end":{"line":116,"column":43}},"43":{"start":{"line":117,"column":8},"end":{"line":117,"column":26}},"44":{"start":{"line":119,"column":8},"end":{"line":119,"column":25}},"45":{"start":{"line":120,"column":8},"end":{"line":120,"column":43}},"46":{"start":{"line":130,"column":22},"end":{"line":134,"column":1}},"47":{"start":{"line":131,"column":21},"end":{"line":131,"column":54}},"48":{"start":{"line":132,"column":4},"end":{"line":132,"column":44}},"49":{"start":{"line":133,"column":4},"end":{"line":133,"column":20}}},"fnMap":{"0":{"name":"(anonymous_0)","decl":{"start":{"line":6,"column":31},"end":{"line":6,"column":32}},"loc":{"start":{"line":6,"column":51},"end":{"line":31,"column":1}},"line":6},"1":{"name":"(anonymous_1)","decl":{"start":{"line":20,"column":39},"end":{"line":20,"column":40}},"loc":{"start":{"line":20,"column":49},"end":{"line":20,"column":64}},"line":20},"2":{"name":"(anonymous_2)","decl":{"start":{"line":21,"column":39},"end":{"line":21,"column":40}},"loc":{"start":{"line":21,"column":46},"end":{"line":21,"column":61}},"line":21},"3":{"name":"createRef","decl":{"start":{"line":50,"column":16},"end":{"line":50,"column":25}},"loc":{"start":{"line":50,"column":28},"end":{"line":52,"column":1}},"line":50},"4":{"name":"(anonymous_4)","decl":{"start":{"line":62,"column":32},"end":{"line":62,"column":33}},"loc":{"start":{"line":62,"column":64},"end":{"line":91,"column":1}},"line":62},"5":{"name":"(anonymous_5)","decl":{"start":{"line":98,"column":26},"end":{"line":98,"column":27}},"loc":{"start":{"line":98,"column":39},"end":{"line":105,"column":1}},"line":98},"6":{"name":"(anonymous_6)","decl":{"start":{"line":102,"column":16},"end":{"line":102,"column":17}},"loc":{"start":{"line":102,"column":32},"end":{"line":102,"column":46}},"line":102},"7":{"name":"(anonymous_7)","decl":{"start":{"line":103,"column":13},"end":{"line":103,"column":14}},"loc":{"start":{"line":103,"column":24},"end":{"line":103,"column":27}},"line":103},"8":{"name":"(anonymous_8)","decl":{"start":{"line":114,"column":23},"end":{"line":114,"column":24}},"loc":{"start":{"line":114,"column":47},"end":{"line":122,"column":1}},"line":114},"9":{"name":"(anonymous_9)","decl":{"start":{"line":130,"column":22},"end":{"line":130,"column":23}},"loc":{"start":{"line":130,"column":48},"end":{"line":134,"column":1}},"line":130}},"branchMap":{"0":{"loc":{"start":{"line":7,"column":4},"end":{"line":7,"column":28}},"type":"if","locations":[{"start":{"line":7,"column":4},"end":{"line":7,"column":28}},{"start":{},"end":{}}],"line":7},"1":{"loc":{"start":{"line":10,"column":8},"end":{"line":29,"column":9}},"type":"switch","locations":[{"start":{"line":11,"column":12},"end":{"line":13,"column":22}},{"start":{"line":14,"column":12},"end":{"line":16,"column":22}},{"start":{"line":17,"column":12},"end":{"line":23,"column":22}},{"start":{"line":24,"column":12},"end":{"line":26,"column":22}},{"start":{"line":27,"column":12},"end":{"line":28,"column":32}}],"line":10},"2":{"loc":{"start":{"line":11,"column":17},"end":{"line":11,"column":61}},"type":"binary-expr","locations":[{"start":{"line":11,"column":17},"end":{"line":11,"column":32}},{"start":{"line":11,"column":36},"end":{"line":11,"column":61}}],"line":11},"3":{"loc":{"start":{"line":14,"column":17},"end":{"line":14,"column":68}},"type":"binary-expr","locations":[{"start":{"line":14,"column":17},"end":{"line":14,"column":37}},{"start":{"line":14,"column":41},"end":{"line":14,"column":68}}],"line":14},"4":{"loc":{"start":{"line":17,"column":17},"end":{"line":17,"column":68}},"type":"binary-expr","locations":[{"start":{"line":17,"column":17},"end":{"line":17,"column":39}},{"start":{"line":17,"column":43},"end":{"line":17,"column":68}}],"line":17},"5":{"loc":{"start":{"line":25,"column":16},"end":{"line":25,"column":52}},"type":"if","locations":[{"start":{"line":25,"column":16},"end":{"line":25,"column":52}},{"start":{},"end":{}}],"line":25},"6":{"loc":{"start":{"line":66,"column":4},"end":{"line":75,"column":5}},"type":"if","locations":[{"start":{"line":66,"column":4},"end":{"line":75,"column":5}},{"start":{},"end":{}}],"line":66},"7":{"loc":{"start":{"line":68,"column":8},"end":{"line":74,"column":9}},"type":"if","locations":[{"start":{"line":68,"column":8},"end":{"line":74,"column":9}},{"start":{"line":72,"column":15},"end":{"line":74,"column":9}}],"line":68},"8":{"loc":{"start":{"line":68,"column":12},"end":{"line":68,"column":86}},"type":"binary-expr","locations":[{"start":{"line":68,"column":12},"end":{"line":68,"column":23}},{"start":{"line":68,"column":27},"end":{"line":68,"column":58}},{"start":{"line":68,"column":62},"end":{"line":68,"column":86}}],"line":68},"9":{"loc":{"start":{"line":78,"column":4},"end":{"line":88,"column":5}},"type":"if","locations":[{"start":{"line":78,"column":4},"end":{"line":88,"column":5}},{"start":{},"end":{}}],"line":78},"10":{"loc":{"start":{"line":78,"column":8},"end":{"line":78,"column":35}},"type":"binary-expr","locations":[{"start":{"line":78,"column":8},"end":{"line":78,"column":16}},{"start":{"line":78,"column":20},"end":{"line":78,"column":35}}],"line":78},"11":{"loc":{"start":{"line":80,"column":12},"end":{"line":86,"column":13}},"type":"if","locations":[{"start":{"line":80,"column":12},"end":{"line":86,"column":13}},{"start":{},"end":{}}],"line":80},"12":{"loc":{"start":{"line":81,"column":16},"end":{"line":85,"column":17}},"type":"if","locations":[{"start":{"line":81,"column":16},"end":{"line":85,"column":17}},{"start":{"line":83,"column":23},"end":{"line":85,"column":17}}],"line":81},"13":{"loc":{"start":{"line":99,"column":4},"end":{"line":99,"column":28}},"type":"if","locations":[{"start":{"line":99,"column":4},"end":{"line":99,"column":28}},{"start":{},"end":{}}],"line":99},"14":{"loc":{"start":{"line":130,"column":23},"end":{"line":130,"column":43}},"type":"default-arg","locations":[{"start":{"line":130,"column":30},"end":{"line":130,"column":43}}],"line":130}},"s":{"0":2,"1":12,"2":1,"3":11,"4":13,"5":1,"6":1,"7":2,"8":2,"9":1,"10":0,"11":1,"12":1,"13":1,"14":0,"15":0,"16":0,"17":9,"18":2,"19":2,"20":10,"21":10,"22":7,"23":1,"24":1,"25":1,"26":6,"27":10,"28":7,"29":36,"30":36,"31":33,"32":3,"33":10,"34":2,"35":4,"36":2,"37":2,"38":4,"39":3,"40":2,"41":2,"42":2,"43":1,"44":1,"45":1,"46":2,"47":2,"48":2,"49":2},"f":{"0":12,"1":0,"2":1,"3":2,"4":10,"5":4,"6":4,"7":3,"8":2,"9":2},"b":{"0":[1,11],"1":[1,2,1,0,9],"2":[13,1],"3":[12,2],"4":[10,1],"5":[0,0],"6":[7,3],"7":[1,6],"8":[7,1,1],"9":[7,3],"10":[10,10],"11":[36,0],"12":[33,3],"13":[2,2],"14":[1]},"_coverageSchema":"1a1c01bbd47fc00a2c39e90264f33305004495a9","hash":"09fcfd83c8e76d00857eaa5b1ef4447a8b7172c4"}
}
