TN:
SF:src/index.js
FN:150,(anonymous_0)
FN:178,(anonymous_1)
FN:192,(anonymous_2)
FN:197,(anonymous_3)
FN:215,(anonymous_4)
FN:463,(anonymous_5)
FNF:6
FNH:6
FNDA:2,(anonymous_0)
FNDA:2,(anonymous_1)
FNDA:2,(anonymous_2)
FNDA:1,(anonymous_3)
FNDA:1,(anonymous_4)
FNDA:5,(anonymous_5)
DA:11,1
DA:150,1
DA:151,2
DA:152,2
DA:153,7
DA:154,3
DA:156,7
DA:157,1
DA:160,2
DA:178,2
DA:192,1
DA:193,2
DA:194,2
DA:195,2
DA:196,2
DA:197,2
DA:198,2
DA:215,1
DA:216,1
DA:435,1
DA:450,1
DA:462,1
DA:463,120
DA:464,120
LF:24
LH:24
BRDA:153,0,0,3
BRDA:153,0,1,4
BRDA:153,1,0,7
BRDA:153,1,1,4
BRDA:156,2,0,1
BRDA:156,2,1,6
BRF:6
BRH:6
end_of_record
TN:
SF:src/utilities.js
FN:6,(anonymous_0)
FN:20,(anonymous_1)
FN:21,(anonymous_2)
FN:50,createRef
FN:62,(anonymous_4)
FN:98,(anonymous_5)
FN:102,(anonymous_6)
FN:103,(anonymous_7)
FN:114,(anonymous_8)
FN:130,(anonymous_9)
FNF:10
FNH:9
FNDA:12,(anonymous_0)
FNDA:0,(anonymous_1)
FNDA:1,(anonymous_2)
FNDA:2,createRef
FNDA:10,(anonymous_4)
FNDA:4,(anonymous_5)
FNDA:4,(anonymous_6)
FNDA:3,(anonymous_7)
FNDA:2,(anonymous_8)
FNDA:2,(anonymous_9)
DA:6,2
DA:7,12
DA:9,11
DA:10,13
DA:12,1
DA:13,1
DA:15,2
DA:16,2
DA:18,1
DA:20,0
DA:21,1
DA:22,1
DA:23,1
DA:25,0
DA:26,0
DA:28,9
DA:51,2
DA:62,2
DA:63,10
DA:66,10
DA:68,7
DA:69,1
DA:70,1
DA:71,1
DA:73,6
DA:78,10
DA:79,7
DA:80,36
DA:81,36
DA:82,33
DA:84,3
DA:90,10
DA:98,2
DA:99,4
DA:101,2
DA:102,4
DA:103,3
DA:114,2
DA:115,2
DA:116,2
DA:117,1
DA:119,1
DA:120,1
DA:130,2
DA:131,2
DA:132,2
DA:133,2
LF:47
LH:44
BRDA:7,0,0,1
BRDA:7,0,1,11
BRDA:10,1,0,1
BRDA:10,1,1,2
BRDA:10,1,2,1
BRDA:10,1,3,0
BRDA:10,1,4,9
BRDA:11,2,0,13
BRDA:11,2,1,1
BRDA:14,3,0,12
BRDA:14,3,1,2
BRDA:17,4,0,10
BRDA:17,4,1,1
BRDA:25,5,0,0
BRDA:25,5,1,0
BRDA:66,6,0,7
BRDA:66,6,1,3
BRDA:68,7,0,1
BRDA:68,7,1,6
BRDA:68,8,0,7
BRDA:68,8,1,1
BRDA:68,8,2,1
BRDA:78,9,0,7
BRDA:78,9,1,3
BRDA:78,10,0,10
BRDA:78,10,1,10
BRDA:80,11,0,36
BRDA:80,11,1,0
BRDA:81,12,0,33
BRDA:81,12,1,3
BRDA:99,13,0,2
BRDA:99,13,1,2
BRDA:130,14,0,1
BRF:33
BRH:29
end_of_record
